d:\facultate\egc\tema4 - view frustum culling\debug\quad.obj
d:\facultate\egc\tema4 - view frustum culling\debug\building.obj
d:\facultate\egc\tema4 - view frustum culling\debug\city.obj
d:\facultate\egc\tema4 - view frustum culling\debug\main.obj
d:\facultate\egc\tema4 - view frustum culling\debug\vehicle.obj
d:\facultate\egc\tema4 - view frustum culling\debug\vc100.pdb
d:\facultate\egc\tema4 - view frustum culling\debug\frustum.obj
d:\facultate\egc\tema4 - view frustum culling\debug\tema4.ilk
d:\facultate\egc\tema4 - view frustum culling\debug\tema4.exe
d:\facultate\egc\tema4 - view frustum culling\debug\tema4.exe.intermediate.manifest
d:\facultate\egc\tema4 - view frustum culling\debug\tema4.pdb
d:\facultate\egc\tema4 - view frustum culling\debug\cl.command.1.tlog
d:\facultate\egc\tema4 - view frustum culling\debug\cl.read.1.tlog
d:\facultate\egc\tema4 - view frustum culling\debug\cl.write.1.tlog
d:\facultate\egc\tema4 - view frustum culling\debug\link.command.1.tlog
d:\facultate\egc\tema4 - view frustum culling\debug\link.read.1.tlog
d:\facultate\egc\tema4 - view frustum culling\debug\link.write.1.tlog
d:\facultate\egc\tema4 - view frustum culling\debug\mt.command.1.tlog
d:\facultate\egc\tema4 - view frustum culling\debug\mt.read.1.tlog
d:\facultate\egc\tema4 - view frustum culling\debug\mt.write.1.tlog
d:\facultate\egc\tema4 - view frustum culling\debug\vc100.idb
